<?xml version="1.0" encoding="UTF-8"?>
<!-- Generated by org.testng.reporters.JUnitXMLReporter -->
<testsuite ignored="0" hostname="Cafelands-Mac-mini.local" failures="0" tests="6" name="Default test" time="44.281" errors="0" timestamp="20 Jun 2024 09:39:52 GMT">
  <testcase classname="com.nopcommerce.user.User_01_Register" name="TC_01_Register_Empty_Data" time="5.218"/>
  <testcase classname="com.nopcommerce.user.User_01_Register" name="TC_02_Register_Invalid_Email" time="4.943"/>
  <testcase classname="com.nopcommerce.user.User_01_Register" name="TC_03_Register_Success" time="5.968"/>
  <testcase classname="com.nopcommerce.user.User_01_Register" name="TC_04_Register_Existing_Email" time="5.05"/>
  <testcase classname="com.nopcommerce.user.User_01_Register" name="TC_05_Register_Password_Less_Than_6_Char" time="4.976"/>
  <testcase classname="com.nopcommerce.user.User_01_Register" name="TC_06_Register_Invalid_Confirm_Password" time="5.4"/>
</testsuite> <!-- Default test -->
